[    2172ms] [ERROR]  Note that 'script-src' was not explicitly set, so 'default-src' is used as a fallback. @ https://trusted-glider-48.accounts.dev/_next/static/chunks/pages/_app-ae82798d2d1e6bbf.js:23
[    2186ms] [WARNING] Clerk: Clerk has been loaded with development keys. Development instances have strict usage limits and should not be used when deploying your application to production. Learn more: https://clerk.com/docs/deployments/overview @ https://trusted-glider-48.accounts.dev/_next/static/chunks/pages/_app-ae82798d2d1e6bbf.js:19
[    2768ms] [ERROR] Access to fetch at 'https://clerk-telemetry.com/v1/event' from origin 'https://trusted-glider-48.accounts.dev' has been blocked by CORS policy: No 'Access-Control-Allow-Origin' header is present on the requested resource. @ https://trusted-glider-48.accounts.dev/sign-in?redirect_url=http%3A%2F%2Flocalhost%3A3000%2Fdashboard%2Fproject-agent:0
[    2769ms] [ERROR] Failed to load resource: net::ERR_FAILED @ https://clerk-telemetry.com/v1/event:0
[   27783ms] [ERROR] Failed to load resource: the server responded with a status of 404 (Not Found) @ http://localhost:3000/dashboard/project-agent:0
[   27925ms] [ERROR] Failed to load resource: the server responded with a status of 404 (Not Found) @ http://localhost:3000/dashboard/project-agent:0
[   29599ms] [WARNING] Clerk: Clerk has been loaded with development keys. Development instances have strict usage limits and should not be used when deploying your application to production. Learn more: https://clerk.com/docs/deployments/overview @ http://localhost:3000/_next/static/chunks/d2008_next_dist_7f23858f._.js:2297
[   35957ms] [WARNING] Clerk: Clerk has been loaded with development keys. Development instances have strict usage limits and should not be used when deploying your application to production. Learn more: https://clerk.com/docs/deployments/overview @ http://localhost:3000/_next/static/chunks/d2008_next_dist_7f23858f._.js:2297
[   37990ms] [WARNING] Detected `scroll-behavior: smooth` on the `<html>` element. To disable smooth scrolling during route transitions, add `data-scroll-behavior="smooth"` to your <html> element. Learn more: https://nextjs.org/docs/messages/missing-data-scroll-behavior @ http://localhost:3000/_next/static/chunks/d2008_next_dist_7f23858f._.js:2297
[   41426ms] [ERROR] Failed to load resource: the server responded with a status of 404 (Not Found) @ http://localhost:3000/api/project-agent/session?sessionId=1f02f561-fdaa-4fcf-a071-2c412529e91b:0
[   41439ms] [ERROR] Failed to load resource: the server responded with a status of 404 (Not Found) @ http://localhost:3000/api/project-agent/session?sessionId=1f02f561-fdaa-4fcf-a071-2c412529e91b:0
[   41493ms] [ERROR] Failed to load resource: the server responded with a status of 404 (Not Found) @ http://localhost:3000/api/project-agent/session?sessionId=1f02f561-fdaa-4fcf-a071-2c412529e91b:0
[  142901ms] [WARNING] [Fast Refresh] performing full reload

Fast Refresh will perform a full reload when you edit a file that's imported by modules outside of the React rendering tree.
You might have a file which exports a React component but also exports a value that is imported by a non-React component file.
Consider migrating the non-React component export to a separate file and importing it into both files.

It is also possible the parent component of the component you edited is a class component, which disables Fast Refresh.
Fast Refresh requires at least one parent function component in your React tree. @ http://localhost:3000/_next/static/chunks/d2008_next_dist_7f23858f._.js:2297
[  143987ms] [WARNING] Clerk: Clerk has been loaded with development keys. Development instances have strict usage limits and should not be used when deploying your application to production. Learn more: https://clerk.com/docs/deployments/overview @ http://localhost:3000/_next/static/chunks/d2008_next_dist_7f23858f._.js:2297
[  145613ms] [ERROR] Failed to load resource: the server responded with a status of 404 (Not Found) @ http://localhost:3000/api/project-agent/session?sessionId=1f02f561-fdaa-4fcf-a071-2c412529e91b:0
[  145714ms] [ERROR] Failed to load resource: the server responded with a status of 404 (Not Found) @ http://localhost:3000/api/project-agent/session?sessionId=1f02f561-fdaa-4fcf-a071-2c412529e91b:0
[  145951ms] [ERROR] Failed to load resource: the server responded with a status of 404 (Not Found) @ http://localhost:3000/api/project-agent/session?sessionId=1f02f561-fdaa-4fcf-a071-2c412529e91b:0
[  284006ms] [ERROR] WebSocket connection to 'ws://localhost:3000/_next/webpack-hmr?id=PDBXympvvQYjcTvS6HGP9' failed: Error in connection establishment: net::ERR_CONNECTION_REFUSED @ http://localhost:3000/_next/static/chunks/d2008_next_dist_client_b3748b56._.js:10877
[  287452ms] [WARNING] Clerk: Clerk has been loaded with development keys. Development instances have strict usage limits and should not be used when deploying your application to production. Learn more: https://clerk.com/docs/deployments/overview @ http://localhost:3000/_next/static/chunks/d2008_next_dist_7f23858f._.js:2297
